#! /usr/bin/vvp
:ivl_version "10.3 (stable)";
:ivl_delay_selection "TYPICAL";
:vpi_time_precision + 0;
:vpi_module "system";
:vpi_module "vhdl_sys";
:vpi_module "v2005_math";
:vpi_module "va_math";
S_0x5595da4cb0d0 .scope module, "Ej_OBI_tb" "Ej_OBI_tb" 2 11;
 .timescale 0 0;
v0x5595da511480_0 .var "din", 0 0;
v0x5595da511520_0 .net "dout", 0 0, L_0x5595da5115f0;  1 drivers
S_0x5595da4cb250 .scope module, "NOT1" "inv" 2 20, 3 14 0, S_0x5595da4cb0d0;
 .timescale 0 0;
    .port_info 0 /INPUT 1 "A"
    .port_info 1 /OUTPUT 1 "B"
L_0x5595da5115f0 .functor NOT 1, v0x5595da511480_0, C4<0>, C4<0>, C4<0>;
v0x5595da500510_0 .net "A", 0 0, v0x5595da511480_0;  1 drivers
v0x5595da511360_0 .net "B", 0 0, L_0x5595da5115f0;  alias, 1 drivers
    .scope S_0x5595da4cb0d0;
T_0 ;
    %vpi_call 2 29 "$dumpfile", "Ej_OBI_tb.vcd" {0 0 0};
    %vpi_call 2 30 "$dumpvars", 32'sb00000000000000000000000000000000, S_0x5595da4cb0d0 {0 0 0};
    %delay 5, 0;
    %pushi/vec4 0, 0, 1;
    %store/vec4 v0x5595da511480_0, 0, 1;
    %delay 5, 0;
    %load/vec4 v0x5595da511520_0;
    %pad/u 32;
    %cmpi/ne 1, 0, 32;
    %jmp/0xz  T_0.0, 4;
    %vpi_call 2 37 "$display", "---->\302\241ERROR! Esperado: 1. Leido: %d", v0x5595da511520_0 {0 0 0};
T_0.0 ;
    %delay 5, 0;
    %pushi/vec4 1, 0, 1;
    %store/vec4 v0x5595da511480_0, 0, 1;
    %delay 5, 0;
    %load/vec4 v0x5595da511520_0;
    %pad/u 32;
    %cmpi/ne 0, 0, 32;
    %jmp/0xz  T_0.2, 4;
    %vpi_call 2 44 "$display", "---> \302\241ERROR! Esperado: 0. Leido: %d", v0x5595da511520_0 {0 0 0};
T_0.2 ;
    %delay 5, 0;
    %vpi_call 2 46 "$display", "FIN de la simulacion" {0 0 0};
    %delay 10, 0;
    %vpi_call 2 47 "$finish" {0 0 0};
    %end;
    .thread T_0;
# The file index is used to find the file name in the following table.
:file_names 4;
    "N/A";
    "<interactive>";
    "Ej_OBI_tb.v";
    "Ej_OBI.v";
